<?xml version="1.0" encoding="UTF-8"?>
<!-- Generated by org.testng.reporters.JUnitXMLReporter -->
<testsuite ignored="0" hostname="LAPTOP-TOIRVPML" failures="0" tests="2" name="Test1" time="15.209" errors="0" timestamp="2021-01-07T11:23:21 IST">
  <testcase classname="test.TestNG_Demo" name="@BeforeTest setUpTest" time="14.388">
    <failure type="org.openqa.selenium.WebDriverException" message="unknown error: Chrome failed to start: crashed.
  (unknown error: DevToolsActivePort file doesn&amp;apos;t exist)
  (The process started from chrome location C:\Users\Vaishnavi Hajare\AppData\Local\Google\Chrome\Application\chrome.exe is no longer running, so ChromeDriver is assuming that Chrome has crashed.)
Build info: version: &amp;apos;4.0.0-alpha-7&amp;apos;, revision: &amp;apos;de8579b6d5&amp;apos;
System info: host: &amp;apos;LAPTOP-TOIRVPML&amp;apos;, ip: &amp;apos;192.168.1.35&amp;apos;, os.name: &amp;apos;Windows 10&amp;apos;, os.arch: &amp;apos;amd64&amp;apos;, os.version: &amp;apos;10.0&amp;apos;, java.version: &amp;apos;15.0.1&amp;apos;
Driver info: driver.version: ChromeDriver
remote stacktrace: Backtrace:
	GetHandleVerifier [0x00F48A43+483]
	GetHandleVerifier [0x00F48A21+449]
	GetHandleVerifier [0x012F13C8+3836776]
	GetHandleVerifier [0x01308045+3930085]
	GetHandleVerifier [0x01305E7C+3921436]
	GetHandleVerifier [0x0132C89E+4079678]
	GetHandleVerifier [0x0132C60C+4079020]
	GetHandleVerifier [0x0132938B+4066091]
	GetHandleVerifier [0x0130CDB4+3949908]
	GetHandleVerifier [0x0130DC6E+3953678]
	GetHandleVerifier [0x0130DBF9+3953561]
	Ordinal0 [0x00F16A8C+92812]
	Ordinal0 [0x00F10572+66930]
	Ordinal0 [0x00F10142+65858]
	GetHandleVerifier [0x012147B8+2932568]
	GetHandleVerifier [0x010512EE+1084046]
	GetHandleVerifier [0x01008B3D+787165]
	GetHandleVerifier [0x0100855B+785659]
	GetHandleVerifier [0x01008471+785425]
	GetHandleVerifier [0x0103B7B3+995155]
	BaseThreadInitThunk [0x753C6359+25]
	RtlGetAppContainerNamedObjectPath [0x77228944+228]
	RtlGetAppContainerNamedObjectPath [0x77228914+180]
">
      <![CDATA[org.openqa.selenium.WebDriverException: unknown error: Chrome failed to start: crashed.
  (unknown error: DevToolsActivePort file doesn't exist)
  (The process started from chrome location C:\Users\Vaishnavi Hajare\AppData\Local\Google\Chrome\Application\chrome.exe is no longer running, so ChromeDriver is assuming that Chrome has crashed.)
Build info: version: '4.0.0-alpha-7', revision: 'de8579b6d5'
System info: host: 'LAPTOP-TOIRVPML', ip: '192.168.1.35', os.name: 'Windows 10', os.arch: 'amd64', os.version: '10.0', java.version: '15.0.1'
Driver info: driver.version: ChromeDriver
remote stacktrace: Backtrace:
GetHandleVerifier [0x00F48A43+483]
GetHandleVerifier [0x00F48A21+449]
GetHandleVerifier [0x012F13C8+3836776]
GetHandleVerifier [0x01308045+3930085]
GetHandleVerifier [0x01305E7C+3921436]
GetHandleVerifier [0x0132C89E+4079678]
GetHandleVerifier [0x0132C60C+4079020]
GetHandleVerifier [0x0132938B+4066091]
GetHandleVerifier [0x0130CDB4+3949908]
GetHandleVerifier [0x0130DC6E+3953678]
GetHandleVerifier [0x0130DBF9+3953561]
Ordinal0 [0x00F16A8C+92812]
Ordinal0 [0x00F10572+66930]
Ordinal0 [0x00F10142+65858]
GetHandleVerifier [0x012147B8+2932568]
GetHandleVerifier [0x010512EE+1084046]
GetHandleVerifier [0x01008B3D+787165]
GetHandleVerifier [0x0100855B+785659]
GetHandleVerifier [0x01008471+785425]
GetHandleVerifier [0x0103B7B3+995155]
BaseThreadInitThunk [0x753C6359+25]
RtlGetAppContainerNamedObjectPath [0x77228944+228]
RtlGetAppContainerNamedObjectPath [0x77228914+180]

at org.openqa.selenium.remote.W3CHandshakeResponse.lambda$errorHandler$0(W3CHandshakeResponse.java:62)
at org.openqa.selenium.remote.HandshakeResponse.lambda$getResponseFunction$0(HandshakeResponse.java:30)
at org.openqa.selenium.remote.ProtocolHandshake.lambda$createSession$1(ProtocolHandshake.java:126)
at java.base/java.util.stream.ReferencePipeline$3$1.accept(ReferencePipeline.java:195)
at java.base/java.util.Spliterators$ArraySpliterator.tryAdvance(Spliterators.java:958)
at java.base/java.util.stream.ReferencePipeline.forEachWithCancel(ReferencePipeline.java:127)
at java.base/java.util.stream.AbstractPipeline.copyIntoWithCancel(AbstractPipeline.java:502)
at java.base/java.util.stream.AbstractPipeline.copyInto(AbstractPipeline.java:488)
at java.base/java.util.stream.AbstractPipeline.wrapAndCopyInto(AbstractPipeline.java:474)
at java.base/java.util.stream.FindOps$FindOp.evaluateSequential(FindOps.java:150)
at java.base/java.util.stream.AbstractPipeline.evaluate(AbstractPipeline.java:234)
at java.base/java.util.stream.ReferencePipeline.findFirst(ReferencePipeline.java:543)
at org.openqa.selenium.remote.ProtocolHandshake.createSession(ProtocolHandshake.java:128)
at org.openqa.selenium.remote.ProtocolHandshake.createSession(ProtocolHandshake.java:75)
at org.openqa.selenium.remote.HttpCommandExecutor.execute(HttpCommandExecutor.java:139)
at org.openqa.selenium.remote.service.DriverCommandExecutor.execute(DriverCommandExecutor.java:123)
at org.openqa.selenium.remote.RemoteWebDriver.execute(RemoteWebDriver.java:501)
at org.openqa.selenium.remote.RemoteWebDriver.startSession(RemoteWebDriver.java:207)
at org.openqa.selenium.remote.RemoteWebDriver.<init>(RemoteWebDriver.java:127)
at org.openqa.selenium.chromium.ChromiumDriver.<init>(ChromiumDriver.java:93)
at org.openqa.selenium.chrome.ChromeDriver.<init>(ChromeDriver.java:163)
at org.openqa.selenium.chrome.ChromeDriver.<init>(ChromeDriver.java:150)
at org.openqa.selenium.chrome.ChromeDriver.<init>(ChromeDriver.java:105)
at test.TestNG_Demo.setUpTest(TestNG_Demo.java:21)
... Removed 29 stack frames]]>
    </failure>
  </testcase> <!-- @BeforeTest setUpTest -->
  <testcase classname="test.TestNG_Demo2" name="@BeforeTest setUpTest" time="-1.609998800454E9">
    <skipped/>
  </testcase> <!-- @BeforeTest setUpTest -->
  <testcase classname="test.TestNG_Demo" name="@AfterTest tearDownTest" time="-1.609998801236E9">
    <skipped/>
  </testcase> <!-- @AfterTest tearDownTest -->
  <testcase classname="test.TestNG_Demo2" name="@AfterTest tearDownTest" time="-1.609998801239E9">
    <skipped/>
  </testcase> <!-- @AfterTest tearDownTest -->
  <testcase classname="test.TestNG_Demo" name="googleSearch" time="0.0">
    <skipped/>
  </testcase> <!-- googleSearch -->
  <testcase classname="test.TestNG_Demo2" name="googleSearch2" time="0.0">
    <skipped/>
  </testcase> <!-- googleSearch2 -->
</testsuite> <!-- Test1 -->
